
projetfinal_jeude8: system execution failed.
Following is the set of recorded exceptions:

******************************** Thread exception *****************************
In thread           Root thread            0x0 (thread id)
*******************************************************************************
-------------------------------------------------------------------------------
Class / Object      Routine                Nature of exception           Effect
-------------------------------------------------------------------------------
ENGIN_DE_JEU        make_engin_jeu @1      enable_video:                
<0000000003EB15C8>                         Feature call on void target.  Fail
-------------------------------------------------------------------------------
ENGIN_DE_JEU        make_engin_jeu @1                                   
<0000000003EB15C8>                         Routine failure.              Fail
-------------------------------------------------------------------------------
APPLICATION         make @1                                             
<0000000003EB1588>                         Routine failure.              Fail
-------------------------------------------------------------------------------
APPLICATION         root's creation                                     
<0000000003EB1588>                         Routine failure.              Exit
-------------------------------------------------------------------------------

projetfinal_jeude8: system execution failed.
Following is the set of recorded exceptions:

******************************** Thread exception *****************************
In thread           Root thread            0x0 (thread id)
*******************************************************************************
-------------------------------------------------------------------------------
Class / Object      Routine                Nature of exception           Effect
-------------------------------------------------------------------------------
ENGIN_DE_JEU        run_game @4            make:                        
<00000000040815E8>                         Feature call on void target.  Fail
-------------------------------------------------------------------------------
ENGIN_DE_JEU        run_game @4                                         
<00000000040815E8>                         Routine failure.              Fail
-------------------------------------------------------------------------------
ENGIN_DE_JEU        make_engin_jeu @5                                   
<00000000040815E8>                         Routine failure.              Fail
-------------------------------------------------------------------------------
APPLICATION         make @1                                             
<00000000040815A8>                         Routine failure.              Fail
-------------------------------------------------------------------------------
APPLICATION         root's creation                                     
<00000000040815A8>                         Routine failure.              Exit
-------------------------------------------------------------------------------

projetfinal_jeude8: system execution failed.
Following is the set of recorded exceptions:

******************************** Thread exception *****************************
In thread           Root thread            0x0 (thread id)
*******************************************************************************
-------------------------------------------------------------------------------
Class / Object      Routine                Nature of exception           Effect
-------------------------------------------------------------------------------
ENGIN_DE_JEU        run_game @3            make:                        
<0000000003F6F5E8>                         Feature call on void target.  Fail
-------------------------------------------------------------------------------
ENGIN_DE_JEU        run_game @3                                         
<0000000003F6F5E8>                         Routine failure.              Fail
-------------------------------------------------------------------------------
ENGIN_DE_JEU        make_engin_jeu @5                                   
<0000000003F6F5E8>                         Routine failure.              Fail
-------------------------------------------------------------------------------
APPLICATION         make @1                                             
<0000000003F6F5A8>                         Routine failure.              Fail
-------------------------------------------------------------------------------
APPLICATION         root's creation                                     
<0000000003F6F5A8>                         Routine failure.              Exit
-------------------------------------------------------------------------------

projetfinal_jeude8: system execution failed.
Following is the set of recorded exceptions:

******************************** Thread exception *****************************
In thread           Root thread            0x0 (thread id)
*******************************************************************************
-------------------------------------------------------------------------------
Class / Object      Routine                Nature of exception           Effect
-------------------------------------------------------------------------------
ENGIN_DE_JEU        make_engin_jeu @7      forth:                       
<0000000003D025E8>                         Feature call on void target.  Fail
-------------------------------------------------------------------------------
ENGIN_DE_JEU        make_engin_jeu @7                                   
<0000000003D025E8>                         Routine failure.              Fail
-------------------------------------------------------------------------------
APPLICATION         make @1                                             
<0000000003D025A8>                         Routine failure.              Fail
-------------------------------------------------------------------------------
APPLICATION         root's creation                                     
<0000000003D025A8>                         Routine failure.              Exit
-------------------------------------------------------------------------------

projetfinal_jeude8: system execution failed.
Following is the set of recorded exceptions:

******************************** Thread exception *****************************
In thread           Root thread            0x0 (thread id)
*******************************************************************************
-------------------------------------------------------------------------------
Class / Object      Routine                Nature of exception           Effect
-------------------------------------------------------------------------------
AUDIO_SOUND_SND_FILE
                    open_from_file @7      
<0000000003FDCAF8>                         Assertion violated.           Fail
-------------------------------------------------------------------------------
AUDIO_SOUND_SND_FILE
                    open_from_file @7      
<0000000003FDCAF8>                         Routine failure.              Fail
-------------------------------------------------------------------------------
AUDIO_SOUND_SND_FILE
                    make @4                
<0000000003FDCAF8>                         Routine failure.              Fail
-------------------------------------------------------------------------------
ENGIN_DE_SON        set_sound @1                                        
<0000000003FD97F8>                         Routine failure.              Fail
-------------------------------------------------------------------------------
ENGIN_DE_JEU        run_game @7                                         
<0000000003FD85E8>                         Routine failure.              Fail
-------------------------------------------------------------------------------
ENGIN_DE_JEU        make_engin_jeu @6                                   
<0000000003FD85E8>                         Routine failure.              Fail
-------------------------------------------------------------------------------
APPLICATION         make @1                                             
<0000000003FD85A8>                         Routine failure.              Fail
-------------------------------------------------------------------------------
APPLICATION         root's creation                                     
<0000000003FD85A8>                         Routine failure.              Exit
-------------------------------------------------------------------------------

projetfinal_jeude8: system execution failed.
Following is the set of recorded exceptions:

******************************** Thread exception *****************************
In thread           Root thread            0x0 (thread id)
*******************************************************************************
-------------------------------------------------------------------------------
Class / Object      Routine                Nature of exception           Effect
-------------------------------------------------------------------------------
GAME_SCREEN         draw_surface @1        draw_surface_src_not_void:   
<0000000003FD6458>  (From GAME_SURFACE)    Precondition violated.        Fail
-------------------------------------------------------------------------------
FENETRE             afficher_fenetre @1                                 
<0000000003FD6438>                         Routine failure.              Fail
-------------------------------------------------------------------------------
ENGIN_DE_JEU        run_game @6                                         
<0000000003FD25E8>                         Routine failure.              Fail
-------------------------------------------------------------------------------
ENGIN_DE_JEU        make_engin_jeu @6                                   
<0000000003FD25E8>                         Routine failure.              Fail
-------------------------------------------------------------------------------
APPLICATION         make @1                                             
<0000000003FD25A8>                         Routine failure.              Fail
-------------------------------------------------------------------------------
APPLICATION         root's creation                                     
<0000000003FD25A8>                         Routine failure.              Exit
-------------------------------------------------------------------------------

projetfinal_jeude8: system execution failed.
Following is the set of recorded exceptions:

******************************** Thread exception *****************************
In thread           Root thread            0x0 (thread id)
*******************************************************************************
-------------------------------------------------------------------------------
Class / Object      Routine                Nature of exception           Effect
-------------------------------------------------------------------------------
ENGIN_DE_JEU        run_game @6            has:                         
<00000000042585E8>                         Feature call on void target.  Fail
-------------------------------------------------------------------------------
ENGIN_DE_JEU        run_game @6                                         
<00000000042585E8>                         Routine failure.              Fail
-------------------------------------------------------------------------------
ENGIN_DE_JEU        make_engin_jeu @6                                   
<00000000042585E8>                         Routine failure.              Fail
-------------------------------------------------------------------------------
APPLICATION         make @1                                             
<00000000042585A8>                         Routine failure.              Fail
-------------------------------------------------------------------------------
APPLICATION         root's creation                                     
<00000000042585A8>                         Routine failure.              Exit
-------------------------------------------------------------------------------

projetfinal_jeude8: system execution failed.
Following is the set of recorded exceptions:

******************************** Thread exception *****************************
In thread           Root thread            0x0 (thread id)
*******************************************************************************
-------------------------------------------------------------------------------
Class / Object      Routine                Nature of exception           Effect
-------------------------------------------------------------------------------
GAME_SURFACE_IMG_FILE
                    make @1                open_from_file_exist:
<000000000402F628>  (From GAME_MEDIA_FILE) Precondition violated.        Fail
-------------------------------------------------------------------------------
CARTE_BASE          make @4                                             
<000000000402F3E8>                         Routine failure.              Fail
-------------------------------------------------------------------------------
ENGIN_DE_JEU        creer_cartes @81                                    
<000000000402D5E8>                         Routine failure.              Fail
-------------------------------------------------------------------------------
ENGIN_DE_JEU        run_game @10                                        
<000000000402D5E8>                         Routine failure.              Fail
-------------------------------------------------------------------------------
ENGIN_DE_JEU        make @6                                             
<000000000402D5E8>                         Routine failure.              Fail
-------------------------------------------------------------------------------
APPLICATION         make @1                                             
<000000000402D5A8>                         Routine failure.              Fail
-------------------------------------------------------------------------------
APPLICATION         root's creation                                     
<000000000402D5A8>                         Routine failure.              Exit
-------------------------------------------------------------------------------

projetfinal_jeude8: system execution failed.
Following is the set of recorded exceptions:

******************************** Thread exception *****************************
In thread           Root thread            0x0 (thread id)
*******************************************************************************
-------------------------------------------------------------------------------
Class / Object      Routine                Nature of exception           Effect
-------------------------------------------------------------------------------
ARRAYED_LIST        at @1                  valid_key:                   
<0000000003EDA078>                         Precondition violated.        Fail
-------------------------------------------------------------------------------
ENGIN_DE_JEU        creer_cartes @4                                     
<0000000003ED85E8>                         Routine failure.              Fail
-------------------------------------------------------------------------------
ENGIN_DE_JEU        run_game @10                                        
<0000000003ED85E8>                         Routine failure.              Fail
-------------------------------------------------------------------------------
ENGIN_DE_JEU        make @6                                             
<0000000003ED85E8>                         Routine failure.              Fail
-------------------------------------------------------------------------------
APPLICATION         make @1                                             
<0000000003ED85A8>                         Routine failure.              Fail
-------------------------------------------------------------------------------
APPLICATION         root's creation                                     
<0000000003ED85A8>                         Routine failure.              Exit
-------------------------------------------------------------------------------
ARRAYED_LIST        at @2                  index_large_enough:          
<0000000003EDA078>                         Runtime check violated.       Exit
-------------------------------------------------------------------------------
ARRAYED_LIST        at @2                                               
<0000000003EDA078>                         Routine failure.              Exit
-------------------------------------------------------------------------------
ENGIN_DE_JEU        creer_cartes @4                                     
<0000000003ED85E8>                         Routine failure.              Exit
-------------------------------------------------------------------------------
ENGIN_DE_JEU        run_game @10                                        
<0000000003ED85E8>                         Routine failure.              Exit
-------------------------------------------------------------------------------
ENGIN_DE_JEU        make @6                                             
<0000000003ED85E8>                         Routine failure.              Exit
-------------------------------------------------------------------------------
APPLICATION         make @1                                             
<0000000003ED85A8>                         Routine failure.              Exit
-------------------------------------------------------------------------------
APPLICATION         root's creation                                     
<0000000003ED85A8>                         Routine failure.              Exit
-------------------------------------------------------------------------------

projetfinal_jeude8: system execution failed.
Following is the set of recorded exceptions:

******************************** Thread exception *****************************
In thread           Root thread            0x0 (thread id)
*******************************************************************************
-------------------------------------------------------------------------------
Class / Object      Routine                Nature of exception           Effect
-------------------------------------------------------------------------------
ARRAYED_LIST        at @1                  valid_key:                   
<0000000003EF2078>                         Precondition violated.        Fail
-------------------------------------------------------------------------------
ENGIN_DE_JEU        creer_cartes @62                                    
<0000000003EF05E8>                         Routine failure.              Fail
-------------------------------------------------------------------------------
ENGIN_DE_JEU        run_game @10                                        
<0000000003EF05E8>                         Routine failure.              Fail
-------------------------------------------------------------------------------
ENGIN_DE_JEU        make @6                                             
<0000000003EF05E8>                         Routine failure.              Fail
-------------------------------------------------------------------------------
APPLICATION         make @1                                             
<0000000003EF05A8>                         Routine failure.              Fail
-------------------------------------------------------------------------------
APPLICATION         root's creation                                     
<0000000003EF05A8>                         Routine failure.              Exit
-------------------------------------------------------------------------------

projetfinal_jeude8: system execution failed.
Following is the set of recorded exceptions:

******************************** Thread exception *****************************
In thread           Root thread            0x0 (thread id)
*******************************************************************************
-------------------------------------------------------------------------------
Class / Object      Routine                Nature of exception           Effect
-------------------------------------------------------------------------------
ARRAYED_LIST        at @1                  valid_key:                   
<0000000003F30078>                         Precondition violated.        Fail
-------------------------------------------------------------------------------
ENGIN_DE_JEU        creer_cartes @62                                    
<0000000003F2E5E8>                         Routine failure.              Fail
-------------------------------------------------------------------------------
ENGIN_DE_JEU        run_game @10                                        
<0000000003F2E5E8>                         Routine failure.              Fail
-------------------------------------------------------------------------------
ENGIN_DE_JEU        make @6                                             
<0000000003F2E5E8>                         Routine failure.              Fail
-------------------------------------------------------------------------------
APPLICATION         make @1                                             
<0000000003F2E5A8>                         Routine failure.              Fail
-------------------------------------------------------------------------------
APPLICATION         root's creation                                     
<0000000003F2E5A8>                         Routine failure.              Exit
-------------------------------------------------------------------------------
ARRAYED_LIST        at @2                  index_large_enough:          
<0000000003F30078>                         Runtime check violated.       Exit
-------------------------------------------------------------------------------
ARRAYED_LIST        at @2                                               
<0000000003F30078>                         Routine failure.              Exit
-------------------------------------------------------------------------------
ENGIN_DE_JEU        creer_cartes @62                                    
<0000000003F2E5E8>                         Routine failure.              Exit
-------------------------------------------------------------------------------
ENGIN_DE_JEU        run_game @10                                        
<0000000003F2E5E8>                         Routine failure.              Exit
-------------------------------------------------------------------------------
ENGIN_DE_JEU        make @6                                             
<0000000003F2E5E8>                         Routine failure.              Exit
-------------------------------------------------------------------------------
APPLICATION         make @1                                             
<0000000003F2E5A8>                         Routine failure.              Exit
-------------------------------------------------------------------------------
APPLICATION         root's creation                                     
<0000000003F2E5A8>                         Routine failure.              Exit
-------------------------------------------------------------------------------


projetfinal_jeude8: PANIC: caught signal #21 (Ctrl-Break) -- Giving up...

projetfinal_jeude8: system execution failed.
Following is the set of recorded exceptions:

******************************** Thread exception *****************************
In thread           Root thread            0x0 (thread id)
*******************************************************************************
-------------------------------------------------------------------------------
Class / Object      Routine                Nature of exception           Effect
-------------------------------------------------------------------------------
ARRAYED_LIST        at @1                  valid_key:                   
<0000000003DE8078>                         Precondition violated.        Fail
-------------------------------------------------------------------------------
ENGIN_DE_JEU        creer_cartes @22                                    
<0000000003DE65E8>                         Routine failure.              Fail
-------------------------------------------------------------------------------
ENGIN_DE_JEU        run_game @10                                        
<0000000003DE65E8>                         Routine failure.              Fail
-------------------------------------------------------------------------------
ENGIN_DE_JEU        make @6                                             
<0000000003DE65E8>                         Routine failure.              Fail
-------------------------------------------------------------------------------
APPLICATION         make @1                                             
<0000000003DE65A8>                         Routine failure.              Fail
-------------------------------------------------------------------------------
APPLICATION         root's creation                                     
<0000000003DE65A8>                         Routine failure.              Exit
-------------------------------------------------------------------------------

projetfinal_jeude8: system execution failed.
Following is the set of recorded exceptions:

******************************** Thread exception *****************************
In thread           Root thread            0x0 (thread id)
*******************************************************************************
-------------------------------------------------------------------------------
Class / Object      Routine                Nature of exception           Effect
-------------------------------------------------------------------------------
GAME_SURFACE_IMG_FILE
                    make @1                open_from_file_exist:
<0000000003FE86D8>  (From GAME_MEDIA_FILE) Precondition violated.        Fail
-------------------------------------------------------------------------------
CARTE_8             make @4                                             
<0000000003FE8478>                         Routine failure.              Fail
-------------------------------------------------------------------------------
ENGIN_DE_JEU        creer_cartes @54                                    
<0000000003FD25E8>                         Routine failure.              Fail
-------------------------------------------------------------------------------
ENGIN_DE_JEU        run_game @10                                        
<0000000003FD25E8>                         Routine failure.              Fail
-------------------------------------------------------------------------------
ENGIN_DE_JEU        make @6                                             
<0000000003FD25E8>                         Routine failure.              Fail
-------------------------------------------------------------------------------
APPLICATION         make @1                                             
<0000000003FD25A8>                         Routine failure.              Fail
-------------------------------------------------------------------------------
APPLICATION         root's creation                                     
<0000000003FD25A8>                         Routine failure.              Exit
-------------------------------------------------------------------------------

projetfinal_jeude8: system execution failed.
Following is the set of recorded exceptions:

******************************** Thread exception *****************************
In thread           Root thread            0x0 (thread id)
*******************************************************************************
-------------------------------------------------------------------------------
Class / Object      Routine                Nature of exception           Effect
-------------------------------------------------------------------------------
C_STRING            make @3                count:                       
<000000000403A198>                         Feature call on void target.  Fail
-------------------------------------------------------------------------------
C_STRING            make @3                                             
<000000000403A198>                         Routine failure.              Fail
-------------------------------------------------------------------------------
FILE_INFO           file_name_to_pointer @9
<0000000004039D48>                         Routine failure.              Fail
-------------------------------------------------------------------------------
RAW_FILE            set_name @3                                         
<000000000403A128>  (From FILE)            Routine failure.              Fail
-------------------------------------------------------------------------------
RAW_FILE            make_with_name @3                                   
<000000000403A128>  (From FILE)            Routine failure.              Fail
-------------------------------------------------------------------------------
RAW_FILE            make @3                                             
<000000000403A128>  (From FILE)            Routine failure.              Fail
-------------------------------------------------------------------------------
GAME_SURFACE_IMG_FILE
                    file_exist @1          
<000000000403A0E8>  (From GAME_MEDIA_FILE) Routine failure.              Fail
-------------------------------------------------------------------------------
GAME_SURFACE_IMG_FILE
                    make @1                open_from_file_exist:
<000000000403A0E8>  (From GAME_MEDIA_FILE) Precondition violated.        Fail
-------------------------------------------------------------------------------
FENETRE             set_image_affichee_avec_lien @1
<0000000004039A18>                         Routine failure.              Fail
-------------------------------------------------------------------------------
ENGIN_DE_JEU        run_ecran_titre @2                                  
<00000000040385E8>                         Routine failure.              Fail
-------------------------------------------------------------------------------
ENGIN_DE_JEU        make @6                                             
<00000000040385E8>                         Routine failure.              Fail
-------------------------------------------------------------------------------
APPLICATION         make @1                                             
<00000000040385A8>                         Routine failure.              Fail
-------------------------------------------------------------------------------
APPLICATION         root's creation                                     
<00000000040385A8>                         Routine failure.              Exit
-------------------------------------------------------------------------------

projetfinal_jeude8: system execution failed.
Following is the set of recorded exceptions:

******************************** Thread exception *****************************
In thread           Root thread            0x0 (thread id)
*******************************************************************************
-------------------------------------------------------------------------------
Class / Object      Routine                Nature of exception           Effect
-------------------------------------------------------------------------------
C_STRING            make @3                count:                       
<0000000003F8BA38>                         Feature call on void target.  Fail
-------------------------------------------------------------------------------
C_STRING            make @3                                             
<0000000003F8BA38>                         Routine failure.              Fail
-------------------------------------------------------------------------------
FILE_INFO           file_name_to_pointer @9
<0000000003F8AD48>                         Routine failure.              Fail
-------------------------------------------------------------------------------
RAW_FILE            set_name @3                                         
<0000000003F8B128>  (From FILE)            Routine failure.              Fail
-------------------------------------------------------------------------------
RAW_FILE            make_with_name @3                                   
<0000000003F8B128>  (From FILE)            Routine failure.              Fail
-------------------------------------------------------------------------------
RAW_FILE            make @3                                             
<0000000003F8B128>  (From FILE)            Routine failure.              Fail
-------------------------------------------------------------------------------
GAME_SURFACE_IMG_FILE
                    file_exist @1          
<0000000003F8B0E8>  (From GAME_MEDIA_FILE) Routine failure.              Fail
-------------------------------------------------------------------------------
GAME_SURFACE_IMG_FILE
                    make @1                open_from_file_exist:
<0000000003F8B0E8>  (From GAME_MEDIA_FILE) Precondition violated.        Fail
-------------------------------------------------------------------------------
FENETRE             set_image_affichee_avec_lien @1
<0000000003F8AA18>                         Routine failure.              Fail
-------------------------------------------------------------------------------
ENGIN_DE_JEU        run_ecran_titre @2                                  
<0000000003F895E8>                         Routine failure.              Fail
-------------------------------------------------------------------------------
ENGIN_DE_JEU        make @6                                             
<0000000003F895E8>                         Routine failure.              Fail
-------------------------------------------------------------------------------
APPLICATION         make @1                                             
<0000000003F895A8>                         Routine failure.              Fail
-------------------------------------------------------------------------------
APPLICATION         root's creation                                     
<0000000003F895A8>                         Routine failure.              Exit
-------------------------------------------------------------------------------

projetfinal_jeude8: system execution failed.
Following is the set of recorded exceptions:

******************************** Thread exception *****************************
In thread           Root thread            0x0 (thread id)
*******************************************************************************
-------------------------------------------------------------------------------
Class / Object      Routine                Nature of exception           Effect
-------------------------------------------------------------------------------
C_STRING            make @3                count:                       
<0000000003EC4198>                         Feature call on void target.  Fail
-------------------------------------------------------------------------------
C_STRING            make @3                                             
<0000000003EC4198>                         Routine failure.              Fail
-------------------------------------------------------------------------------
FILE_INFO           file_name_to_pointer @9
<0000000003EC3D48>                         Routine failure.              Fail
-------------------------------------------------------------------------------
RAW_FILE            set_name @3                                         
<0000000003EC4128>  (From FILE)            Routine failure.              Fail
-------------------------------------------------------------------------------
RAW_FILE            make_with_name @3                                   
<0000000003EC4128>  (From FILE)            Routine failure.              Fail
-------------------------------------------------------------------------------
RAW_FILE            make @3                                             
<0000000003EC4128>  (From FILE)            Routine failure.              Fail
-------------------------------------------------------------------------------
GAME_SURFACE_IMG_FILE
                    file_exist @1          
<0000000003EC40E8>  (From GAME_MEDIA_FILE) Routine failure.              Fail
-------------------------------------------------------------------------------
GAME_SURFACE_IMG_FILE
                    make @1                open_from_file_exist:
<0000000003EC40E8>  (From GAME_MEDIA_FILE) Precondition violated.        Fail
-------------------------------------------------------------------------------
FENETRE             set_image_affichee_avec_lien @1
<0000000003EC3A18>                         Routine failure.              Fail
-------------------------------------------------------------------------------
ENGIN_DE_JEU        run_ecran_titre @2                                  
<0000000003EC25E8>                         Routine failure.              Fail
-------------------------------------------------------------------------------
ENGIN_DE_JEU        make @6                                             
<0000000003EC25E8>                         Routine failure.              Fail
-------------------------------------------------------------------------------
APPLICATION         make @1                                             
<0000000003EC25A8>                         Routine failure.              Fail
-------------------------------------------------------------------------------
APPLICATION         root's creation                                     
<0000000003EC25A8>                         Routine failure.              Exit
-------------------------------------------------------------------------------


projetfinal_jeude8: PANIC: caught signal #21 (Ctrl-Break) -- Giving up...

projetfinal_jeude8: system execution failed.
Following is the set of recorded exceptions:

******************************** Thread exception *****************************
In thread           Root thread            0x0 (thread id)
*******************************************************************************
-------------------------------------------------------------------------------
Class / Object      Routine                Nature of exception           Effect
-------------------------------------------------------------------------------
C_STRING            make @3                count:                       
<0000000003FB5198>                         Feature call on void target.  Fail
-------------------------------------------------------------------------------
C_STRING            make @3                                             
<0000000003FB5198>                         Routine failure.              Fail
-------------------------------------------------------------------------------
FILE_INFO           file_name_to_pointer @9
<0000000003FB4D48>                         Routine failure.              Fail
-------------------------------------------------------------------------------
RAW_FILE            set_name @3                                         
<0000000003FB5128>  (From FILE)            Routine failure.              Fail
-------------------------------------------------------------------------------
RAW_FILE            make_with_name @3                                   
<0000000003FB5128>  (From FILE)            Routine failure.              Fail
-------------------------------------------------------------------------------
RAW_FILE            make @3                                             
<0000000003FB5128>  (From FILE)            Routine failure.              Fail
-------------------------------------------------------------------------------
GAME_SURFACE_IMG_FILE
                    file_exist @1          
<0000000003FB50E8>  (From GAME_MEDIA_FILE) Routine failure.              Fail
-------------------------------------------------------------------------------
GAME_SURFACE_IMG_FILE
                    make @1                open_from_file_exist:
<0000000003FB50E8>  (From GAME_MEDIA_FILE) Precondition violated.        Fail
-------------------------------------------------------------------------------
FENETRE             set_image_affichee_avec_lien @1
<0000000003FB4A18>                         Routine failure.              Fail
-------------------------------------------------------------------------------
ENGIN_DE_JEU        run_ecran_titre @2                                  
<0000000003FB35E8>                         Routine failure.              Fail
-------------------------------------------------------------------------------
ENGIN_DE_JEU        make @6                                             
<0000000003FB35E8>                         Routine failure.              Fail
-------------------------------------------------------------------------------
APPLICATION         make @1                                             
<0000000003FB35A8>                         Routine failure.              Fail
-------------------------------------------------------------------------------
APPLICATION         root's creation                                     
<0000000003FB35A8>                         Routine failure.              Exit
-------------------------------------------------------------------------------

projetfinal_jeude8: system execution failed.
Following is the set of recorded exceptions:

******************************** Thread exception *****************************
In thread           Root thread            0x0 (thread id)
*******************************************************************************
-------------------------------------------------------------------------------
Class / Object      Routine                Nature of exception           Effect
-------------------------------------------------------------------------------
GAME_SURFACE_IMG_FILE
                    make @1                open_from_file_exist:
<0000000003F770D8>  (From GAME_MEDIA_FILE) Precondition violated.        Fail
-------------------------------------------------------------------------------
FENETRE             set_image_affichee_avec_lien @1
<0000000003F76A18>                         Routine failure.              Fail
-------------------------------------------------------------------------------
ENGIN_DE_JEU        run_ecran_titre @2                                  
<0000000003F755E8>                         Routine failure.              Fail
-------------------------------------------------------------------------------
ENGIN_DE_JEU        make @6                                             
<0000000003F755E8>                         Routine failure.              Fail
-------------------------------------------------------------------------------
APPLICATION         make @1                                             
<0000000003F755A8>                         Routine failure.              Fail
-------------------------------------------------------------------------------
APPLICATION         root's creation                                     
<0000000003F755A8>                         Routine failure.              Exit
-------------------------------------------------------------------------------


projetfinal_jeude8: PANIC: caught signal #21 (Ctrl-Break) -- Giving up...

projetfinal_jeude8: system execution failed.
Following is the set of recorded exceptions:

******************************** Thread exception *****************************
In thread           Root thread            0x0 (thread id)
*******************************************************************************
-------------------------------------------------------------------------------
Class / Object      Routine                Nature of exception           Effect
-------------------------------------------------------------------------------
STRING_32           append @1              argument_not_void:           
<0000000003F89758>                         Precondition violated.        Fail
-------------------------------------------------------------------------------
ENGIN_DE_JEU        update_ecran @3                                     
<0000000003F875E8>                         Routine failure.              Fail
-------------------------------------------------------------------------------
ENGIN_DE_JEU        run_ecran_titre @7                                  
<0000000003F875E8>                         Routine failure.              Fail
-------------------------------------------------------------------------------
ENGIN_DE_JEU        make @8                                             
<0000000003F875E8>                         Routine failure.              Fail
-------------------------------------------------------------------------------
APPLICATION         make @1                                             
<0000000003F875A8>                         Routine failure.              Fail
-------------------------------------------------------------------------------
APPLICATION         root's creation                                     
<0000000003F875A8>                         Routine failure.              Exit
-------------------------------------------------------------------------------

projetfinal_jeude8: system execution failed.
Following is the set of recorded exceptions:

******************************** Thread exception *****************************
In thread           Root thread            0x0 (thread id)
*******************************************************************************
-------------------------------------------------------------------------------
Class / Object      Routine                Nature of exception           Effect
-------------------------------------------------------------------------------
GAME_SURFACE_TEXT   make_blended @3        sdl_surface_text_font_not_void:
<000000000411A878>                         Precondition violated.        Fail
-------------------------------------------------------------------------------
ENGIN_DE_JEU        update_ecran @4                                     
<00000000041185E8>                         Routine failure.              Fail
-------------------------------------------------------------------------------
ENGIN_DE_JEU        run_ecran_titre @7                                  
<00000000041185E8>                         Routine failure.              Fail
-------------------------------------------------------------------------------
ENGIN_DE_JEU        make @8                                             
<00000000041185E8>                         Routine failure.              Fail
-------------------------------------------------------------------------------
APPLICATION         make @1                                             
<00000000041185A8>                         Routine failure.              Fail
-------------------------------------------------------------------------------
APPLICATION         root's creation                                     
<00000000041185A8>                         Routine failure.              Exit
-------------------------------------------------------------------------------

projetfinal_jeude8: system execution failed.
Following is the set of recorded exceptions:

******************************** Thread exception *****************************
In thread           Root thread            0x0 (thread id)
*******************************************************************************
-------------------------------------------------------------------------------
Class / Object      Routine                Nature of exception           Effect
-------------------------------------------------------------------------------
GAME_FONT           make_with_index @8     make_font_valid:             
<00000000040AD6C8>                         Postcondition violated.       Fail
-------------------------------------------------------------------------------
GAME_FONT           make_with_index @8                                  
<00000000040AD6C8>                         Routine failure.              Fail
-------------------------------------------------------------------------------
GAME_FONT           make @3                                             
<00000000040AD6C8>                         Routine failure.              Fail
-------------------------------------------------------------------------------
ENGIN_DE_JEU        run_ecran_titre @7                                  
<00000000040AB5E8>                         Routine failure.              Fail
-------------------------------------------------------------------------------
ENGIN_DE_JEU        make @8                                             
<00000000040AB5E8>                         Routine failure.              Fail
-------------------------------------------------------------------------------
APPLICATION         make @1                                             
<00000000040AB5A8>                         Routine failure.              Fail
-------------------------------------------------------------------------------
APPLICATION         root's creation                                     
<00000000040AB5A8>                         Routine failure.              Exit
-------------------------------------------------------------------------------

projetfinal_jeude8: system execution failed.
Following is the set of recorded exceptions:

******************************** Thread exception *****************************
In thread           Root thread            0x0 (thread id)
*******************************************************************************
-------------------------------------------------------------------------------
Class / Object      Routine                Nature of exception           Effect
-------------------------------------------------------------------------------
GAME_FONT           make_with_index @8     make_font_valid:             
<0000000003F486D8>                         Postcondition violated.       Fail
-------------------------------------------------------------------------------
GAME_FONT           make_with_index @8                                  
<0000000003F486D8>                         Routine failure.              Fail
-------------------------------------------------------------------------------
GAME_FONT           make @3                                             
<0000000003F486D8>                         Routine failure.              Fail
-------------------------------------------------------------------------------
ENGIN_DE_JEU        run_ecran_titre @7                                  
<0000000003F465E8>                         Routine failure.              Fail
-------------------------------------------------------------------------------
ENGIN_DE_JEU        make @8                                             
<0000000003F465E8>                         Routine failure.              Fail
-------------------------------------------------------------------------------
APPLICATION         make @1                                             
<0000000003F465A8>                         Routine failure.              Fail
-------------------------------------------------------------------------------
APPLICATION         root's creation                                     
<0000000003F465A8>                         Routine failure.              Exit
-------------------------------------------------------------------------------

projetfinal_jeude8: system execution failed.
Following is the set of recorded exceptions:

******************************** Thread exception *****************************
In thread           Root thread            0x0 (thread id)
*******************************************************************************
-------------------------------------------------------------------------------
Class / Object      Routine                Nature of exception           Effect
-------------------------------------------------------------------------------
GAME_SURFACE_TEXT   make_blended @3        sdl_surface_text_font_not_void:
<0000000003F093B8>                         Precondition violated.        Fail
-------------------------------------------------------------------------------
ENGIN_DE_JEU        update_ecran @4                                     
<0000000003F045E8>                         Routine failure.              Fail
-------------------------------------------------------------------------------
ENGIN_DE_JEU        on_key_down @9                                      
<0000000003F045E8>                         Routine failure.              Fail
-------------------------------------------------------------------------------
PROCEDURE           fast_call                                           
<0000000003F06628>                         Routine failure.              Fail
-------------------------------------------------------------------------------
PROCEDURE           call @5                                             
<0000000003F06628>                         Routine failure.              Fail
-------------------------------------------------------------------------------
ACTION_SEQUENCE     call @22                                            
<0000000003F04CB8>                         Routine failure.              Fail
-------------------------------------------------------------------------------
GAME_EVENT_CONTROLLER
                    decode_keyboard_event @12
<0000000003F046A8>                         Routine failure.              Fail
-------------------------------------------------------------------------------
GAME_EVENT_CONTROLLER
                    decode_event @5        
<0000000003F046A8>                         Routine failure.              Fail
-------------------------------------------------------------------------------
GAME_EVENT_CONTROLLER
                    poll_event @4          
<0000000003F046A8>                         Routine failure.              Fail
-------------------------------------------------------------------------------
GAME_LIB_CONTROLLER update @1                                           
<0000000003F04618>  (From GAME_SDL_CONTROLLER)
                                           Routine failure.              Fail
-------------------------------------------------------------------------------
GAME_LIB_CONTROLLER launch @4                                           
<0000000003F04618>  (From GAME_SDL_CONTROLLER)
                                           Routine failure.              Fail
-------------------------------------------------------------------------------
ENGIN_DE_JEU        run_ecran_titre @9                                  
<0000000003F045E8>                         Routine failure.              Fail
-------------------------------------------------------------------------------
ENGIN_DE_JEU        make @8                                             
<0000000003F045E8>                         Routine failure.              Fail
-------------------------------------------------------------------------------
APPLICATION         make @1                                             
<0000000003F045A8>                         Routine failure.              Fail
-------------------------------------------------------------------------------
APPLICATION         root's creation                                     
<0000000003F045A8>                         Routine failure.              Exit
-------------------------------------------------------------------------------

projetfinal_jeude8: system execution failed.
Following is the set of recorded exceptions:

******************************** Thread exception *****************************
In thread           Root thread            0x0 (thread id)
*******************************************************************************
-------------------------------------------------------------------------------
Class / Object      Routine                Nature of exception           Effect
-------------------------------------------------------------------------------
GAME_SURFACE_TEXT   make_blended @3        sdl_surface_text_font_not_void:
<0000000004020B38>                         Precondition violated.        Fail
-------------------------------------------------------------------------------
ENGIN_DE_JEU        update_ecran @4                                     
<000000000401C5E8>                         Routine failure.              Fail
-------------------------------------------------------------------------------
ENGIN_DE_JEU        on_key_down @9                                      
<000000000401C5E8>                         Routine failure.              Fail
-------------------------------------------------------------------------------
PROCEDURE           fast_call                                           
<000000000401E628>                         Routine failure.              Fail
-------------------------------------------------------------------------------
PROCEDURE           call @5                                             
<000000000401E628>                         Routine failure.              Fail
-------------------------------------------------------------------------------
ACTION_SEQUENCE     call @22                                            
<000000000401CCB8>                         Routine failure.              Fail
-------------------------------------------------------------------------------
GAME_EVENT_CONTROLLER
                    decode_keyboard_event @12
<000000000401C6A8>                         Routine failure.              Fail
-------------------------------------------------------------------------------
GAME_EVENT_CONTROLLER
                    decode_event @5        
<000000000401C6A8>                         Routine failure.              Fail
-------------------------------------------------------------------------------
GAME_EVENT_CONTROLLER
                    poll_event @4          
<000000000401C6A8>                         Routine failure.              Fail
-------------------------------------------------------------------------------
GAME_LIB_CONTROLLER update @1                                           
<000000000401C618>  (From GAME_SDL_CONTROLLER)
                                           Routine failure.              Fail
-------------------------------------------------------------------------------
GAME_LIB_CONTROLLER launch @4                                           
<000000000401C618>  (From GAME_SDL_CONTROLLER)
                                           Routine failure.              Fail
-------------------------------------------------------------------------------
ENGIN_DE_JEU        run_ecran_titre @9                                  
<000000000401C5E8>                         Routine failure.              Fail
-------------------------------------------------------------------------------
ENGIN_DE_JEU        make @8                                             
<000000000401C5E8>                         Routine failure.              Fail
-------------------------------------------------------------------------------
APPLICATION         make @1                                             
<000000000401C5A8>                         Routine failure.              Fail
-------------------------------------------------------------------------------
APPLICATION         root's creation                                     
<000000000401C5A8>                         Routine failure.              Exit
-------------------------------------------------------------------------------


projetfinal_jeude8: PANIC: caught signal #21 (Ctrl-Break) -- Giving up...

projetfinal_jeude8: system execution failed.
Following is the set of recorded exceptions:

******************************** Thread exception *****************************
In thread           Root thread            0x0 (thread id)
*******************************************************************************
-------------------------------------------------------------------------------
Class / Object      Routine                Nature of exception           Effect
-------------------------------------------------------------------------------
GAME_SURFACE_IMG_FILE
                    make @1                open_from_file_exist:
<000000000406EE08>  (From GAME_MEDIA_FILE) Precondition violated.        Fail
-------------------------------------------------------------------------------
CARTE_1             make @4                                             
<000000000406EDD8>                         Routine failure.              Fail
-------------------------------------------------------------------------------
PAQUET_CARTE        creer_cartes @67                                    
<00000000040603B8>                         Routine failure.              Fail
-------------------------------------------------------------------------------
PAQUET_CARTE        make @2                                             
<00000000040603B8>                         Routine failure.              Fail
-------------------------------------------------------------------------------
ENGIN_DE_JEU        run_game @1                                         
<000000000405A5E8>                         Routine failure.              Fail
-------------------------------------------------------------------------------
ENGIN_DE_JEU        run_ecran_titre @11                                 
<000000000405A5E8>                         Routine failure.              Fail
-------------------------------------------------------------------------------
ENGIN_DE_JEU        make @8                                             
<000000000405A5E8>                         Routine failure.              Fail
-------------------------------------------------------------------------------
APPLICATION         make @1                                             
<000000000405A5A8>                         Routine failure.              Fail
-------------------------------------------------------------------------------
APPLICATION         root's creation                                     
<000000000405A5A8>                         Routine failure.              Exit
-------------------------------------------------------------------------------


projetfinal_jeude8: PANIC: caught signal #21 (Ctrl-Break) -- Giving up...

projetfinal_jeude8: system execution failed.
Following is the set of recorded exceptions:

******************************** Thread exception *****************************
In thread           Root thread            0x0 (thread id)
*******************************************************************************
-------------------------------------------------------------------------------
Class / Object      Routine                Nature of exception           Effect
-------------------------------------------------------------------------------
ENGIN_DE_JEU        run_game @7            set_sound:                   
<000000000415B5E8>                         Feature call on void target.  Fail
-------------------------------------------------------------------------------
ENGIN_DE_JEU        run_game @7                                         
<000000000415B5E8>                         Routine failure.              Fail
-------------------------------------------------------------------------------
ENGIN_DE_JEU        run_ecran_titre @11                                 
<000000000415B5E8>                         Routine failure.              Fail
-------------------------------------------------------------------------------
ENGIN_DE_JEU        make @7                                             
<000000000415B5E8>                         Routine failure.              Fail
-------------------------------------------------------------------------------
APPLICATION         make @1                                             
<000000000415B5A8>                         Routine failure.              Fail
-------------------------------------------------------------------------------
APPLICATION         root's creation                                     
<000000000415B5A8>                         Routine failure.              Exit
-------------------------------------------------------------------------------

projetfinal_jeude8: system execution failed.
Following is the set of recorded exceptions:

******************************** Thread exception *****************************
In thread           Root thread            0x0 (thread id)
*******************************************************************************
-------------------------------------------------------------------------------
Class / Object      Routine                Nature of exception           Effect
-------------------------------------------------------------------------------
ARRAYED_LIST        at @1                  valid_key:                   
<0000000003F46778>                         Precondition violated.        Fail
-------------------------------------------------------------------------------
PAQUET_CARTE        donner_carte_debut @5                               
<0000000003F307E8>                         Routine failure.              Fail
-------------------------------------------------------------------------------
ENGIN_DE_JEU        run_game @5                                         
<0000000003F2B5E8>                         Routine failure.              Fail
-------------------------------------------------------------------------------
ENGIN_DE_JEU        run_ecran_titre @11                                 
<0000000003F2B5E8>                         Routine failure.              Fail
-------------------------------------------------------------------------------
ENGIN_DE_JEU        make @8                                             
<0000000003F2B5E8>                         Routine failure.              Fail
-------------------------------------------------------------------------------
APPLICATION         make @1                                             
<0000000003F2B5A8>                         Routine failure.              Fail
-------------------------------------------------------------------------------
APPLICATION         root's creation                                     
<0000000003F2B5A8>                         Routine failure.              Exit
-------------------------------------------------------------------------------

projetfinal_jeude8: system execution failed.
Following is the set of recorded exceptions:

******************************** Thread exception *****************************
In thread           Root thread            0x0 (thread id)
*******************************************************************************
-------------------------------------------------------------------------------
Class / Object      Routine                Nature of exception           Effect
-------------------------------------------------------------------------------
ARRAYED_LIST        item @3                index_is_valid:              
<0000000003FECD08>                         Precondition violated.        Fail
-------------------------------------------------------------------------------
PAQUET_CARTE        donner_carte @1                                     
<0000000003FECBB8>                         Routine failure.              Fail
-------------------------------------------------------------------------------
PAQUET_CARTE        donner_carte_debut @5                               
<0000000003FECBB8>                         Routine failure.              Fail
-------------------------------------------------------------------------------
ENGIN_DE_JEU        run_game @6                                         
<0000000003FD55E8>                         Routine failure.              Fail
-------------------------------------------------------------------------------
ENGIN_DE_JEU        run_ecran_titre @11                                 
<0000000003FD55E8>                         Routine failure.              Fail
-------------------------------------------------------------------------------
ENGIN_DE_JEU        make @8                                             
<0000000003FD55E8>                         Routine failure.              Fail
-------------------------------------------------------------------------------
APPLICATION         make @1                                             
<0000000003FD55A8>                         Routine failure.              Fail
-------------------------------------------------------------------------------
APPLICATION         root's creation                                     
<0000000003FD55A8>                         Routine failure.              Exit
-------------------------------------------------------------------------------


projetfinal_jeude8: PANIC: caught signal #21 (Ctrl-Break) -- Giving up...

projetfinal_jeude8: system execution failed.
Following is the set of recorded exceptions:

******************************** Thread exception *****************************
In thread           Root thread            0x0 (thread id)
*******************************************************************************
-------------------------------------------------------------------------------
Class / Object      Routine                Nature of exception           Effect
-------------------------------------------------------------------------------
ARRAYED_LIST        item @3                index_is_valid:              
<00000000040605E8>                         Precondition violated.        Fail
-------------------------------------------------------------------------------
PAQUET_CARTE        donner_carte @1                                     
<0000000004060498>                         Routine failure.              Fail
-------------------------------------------------------------------------------
PAQUET_CARTE        donner_carte_debut @5                               
<0000000004060498>                         Routine failure.              Fail
-------------------------------------------------------------------------------
ENGIN_DE_JEU        run_game @6                                         
<000000000405B5E8>                         Routine failure.              Fail
-------------------------------------------------------------------------------
ENGIN_DE_JEU        run_ecran_titre @11                                 
<000000000405B5E8>                         Routine failure.              Fail
-------------------------------------------------------------------------------
ENGIN_DE_JEU        make @8                                             
<000000000405B5E8>                         Routine failure.              Fail
-------------------------------------------------------------------------------
APPLICATION         make @1                                             
<000000000405B5A8>                         Routine failure.              Fail
-------------------------------------------------------------------------------
APPLICATION         root's creation                                     
<000000000405B5A8>                         Routine failure.              Exit
-------------------------------------------------------------------------------
ARRAYED_LIST        item @4                index_large_enough:          
<00000000040605E8>                         Runtime check violated.       Exit
-------------------------------------------------------------------------------
ARRAYED_LIST        item @4                                             
<00000000040605E8>                         Routine failure.              Exit
-------------------------------------------------------------------------------
PAQUET_CARTE        donner_carte @1                                     
<0000000004060498>                         Routine failure.              Exit
-------------------------------------------------------------------------------
PAQUET_CARTE        donner_carte_debut @5                               
<0000000004060498>                         Routine failure.              Exit
-------------------------------------------------------------------------------
ENGIN_DE_JEU        run_game @6                                         
<000000000405B5E8>                         Routine failure.              Exit
-------------------------------------------------------------------------------
ENGIN_DE_JEU        run_ecran_titre @11                                 
<000000000405B5E8>                         Routine failure.              Exit
-------------------------------------------------------------------------------
ENGIN_DE_JEU        make @8                                             
<000000000405B5E8>                         Routine failure.              Exit
-------------------------------------------------------------------------------
APPLICATION         make @1                                             
<000000000405B5A8>                         Routine failure.              Exit
-------------------------------------------------------------------------------
APPLICATION         root's creation                                     
<000000000405B5A8>                         Routine failure.              Exit
-------------------------------------------------------------------------------

projetfinal_jeude8: system execution failed.
Following is the set of recorded exceptions:

******************************** Thread exception *****************************
In thread           Root thread            0x0 (thread id)
*******************************************************************************
-------------------------------------------------------------------------------
Class / Object      Routine                Nature of exception           Effect
-------------------------------------------------------------------------------
ARRAYED_LIST        at @1                  valid_key:                   
<0000000004092028>                         Precondition violated.        Fail
-------------------------------------------------------------------------------
PLATEAU             afficher_carte_joueur_principal @5
<0000000004078C28>                         Routine failure.              Fail
-------------------------------------------------------------------------------
ENGIN_DE_JEU        run_game @9                                         
<00000000040775E8>                         Routine failure.              Fail
-------------------------------------------------------------------------------
ENGIN_DE_JEU        run_ecran_titre @11                                 
<00000000040775E8>                         Routine failure.              Fail
-------------------------------------------------------------------------------
ENGIN_DE_JEU        make @8                                             
<00000000040775E8>                         Routine failure.              Fail
-------------------------------------------------------------------------------
APPLICATION         make @1                                             
<00000000040775A8>                         Routine failure.              Fail
-------------------------------------------------------------------------------
APPLICATION         root's creation                                     
<00000000040775A8>                         Routine failure.              Exit
-------------------------------------------------------------------------------

projetfinal_jeude8: system execution failed.
Following is the set of recorded exceptions:

******************************** Thread exception *****************************
In thread           Root thread            0x0 (thread id)
*******************************************************************************
-------------------------------------------------------------------------------
Class / Object      Routine                Nature of exception           Effect
-------------------------------------------------------------------------------
ARRAYED_LIST        at @1                  valid_key:                   
<000000000420F2F8>                         Precondition violated.        Fail
-------------------------------------------------------------------------------
PLATEAU             afficher_carte_joueur_principal @6
<00000000041F5C28>                         Routine failure.              Fail
-------------------------------------------------------------------------------
ENGIN_DE_JEU        run_game @9                                         
<00000000041F45E8>                         Routine failure.              Fail
-------------------------------------------------------------------------------
ENGIN_DE_JEU        run_ecran_titre @11                                 
<00000000041F45E8>                         Routine failure.              Fail
-------------------------------------------------------------------------------
ENGIN_DE_JEU        make @8                                             
<00000000041F45E8>                         Routine failure.              Fail
-------------------------------------------------------------------------------
APPLICATION         make @1                                             
<00000000041F45A8>                         Routine failure.              Fail
-------------------------------------------------------------------------------
APPLICATION         root's creation                                     
<00000000041F45A8>                         Routine failure.              Exit
-------------------------------------------------------------------------------


projetfinal_jeude8: PANIC: caught signal #21 (Ctrl-Break) -- Giving up...

projetfinal_jeude8: system execution failed.
Following is the set of recorded exceptions:

******************************** Thread exception *****************************
In thread           Root thread            0x0 (thread id)
*******************************************************************************
-------------------------------------------------------------------------------
Class / Object      Routine                Nature of exception           Effect
-------------------------------------------------------------------------------
ARRAYED_LIST        at @1                  valid_key:                   
<00000000041D5208>                         Precondition violated.        Fail
-------------------------------------------------------------------------------
PLATEAU             afficher_carte_joueur_principal @6
<00000000041BBC28>                         Routine failure.              Fail
-------------------------------------------------------------------------------
ENGIN_DE_JEU        run_game @9                                         
<00000000041BA5E8>                         Routine failure.              Fail
-------------------------------------------------------------------------------
ENGIN_DE_JEU        run_ecran_titre @11                                 
<00000000041BA5E8>                         Routine failure.              Fail
-------------------------------------------------------------------------------
ENGIN_DE_JEU        make @8                                             
<00000000041BA5E8>                         Routine failure.              Fail
-------------------------------------------------------------------------------
APPLICATION         make @1                                             
<00000000041BA5A8>                         Routine failure.              Fail
-------------------------------------------------------------------------------
APPLICATION         root's creation                                     
<00000000041BA5A8>                         Routine failure.              Exit
-------------------------------------------------------------------------------

projetfinal_jeude8: system execution failed.
Following is the set of recorded exceptions:

******************************** Thread exception *****************************
In thread           Root thread            0x0 (thread id)
*******************************************************************************
-------------------------------------------------------------------------------
Class / Object      Routine                Nature of exception           Effect
-------------------------------------------------------------------------------
GAME_LIB_CONTROLLER create_screen_surface @1
                                           controller_create_screen_is_video_enable:
<0000000003E4D0F8>  (From GAME_SDL_CONTROLLER)
                                           Precondition violated.        Fail
-------------------------------------------------------------------------------
FENETRE             make_fenetre_principale @1
<0000000003E4D758>                         Routine failure.              Fail
-------------------------------------------------------------------------------
ECRAN_TITRE         run_ecran_titre @1                                  
<0000000003E4D608>                         Routine failure.              Fail
-------------------------------------------------------------------------------
APPLICATION         make @2                                             
<0000000003E4D098>                         Routine failure.              Fail
-------------------------------------------------------------------------------
APPLICATION         root's creation                                     
<0000000003E4D098>                         Routine failure.              Exit
-------------------------------------------------------------------------------

projetfinal_jeude8: system execution failed.
Following is the set of recorded exceptions:

******************************** Thread exception *****************************
In thread           Root thread            0x0 (thread id)
*******************************************************************************
-------------------------------------------------------------------------------
Class / Object      Routine                Nature of exception           Effect
-------------------------------------------------------------------------------
GAME_LIB_CONTROLLER create_screen_surface @1
                                           controller_create_screen_is_video_enable:
<00000000040290F8>  (From GAME_SDL_CONTROLLER)
                                           Precondition violated.        Fail
-------------------------------------------------------------------------------
FENETRE             make_fenetre_principale @1
<0000000004029758>                         Routine failure.              Fail
-------------------------------------------------------------------------------
ECRAN_TITRE         run_ecran_titre @1                                  
<0000000004029608>                         Routine failure.              Fail
-------------------------------------------------------------------------------
APPLICATION         make @2                                             
<0000000004029098>                         Routine failure.              Fail
-------------------------------------------------------------------------------
APPLICATION         root's creation                                     
<0000000004029098>                         Routine failure.              Exit
-------------------------------------------------------------------------------

projetfinal_jeude8: system execution failed.
Following is the set of recorded exceptions:

******************************** Thread exception *****************************
In thread           Root thread            0x0 (thread id)
*******************************************************************************
-------------------------------------------------------------------------------
Class / Object      Routine                Nature of exception           Effect
-------------------------------------------------------------------------------
AUDIO_CONTROLLER    _invariant             is_sound_open_context_valid: 
<0000000003F4F4B8>                         Class invariant violated.     Fail
-------------------------------------------------------------------------------
AUDIO_CONTROLLER    _invariant                                          
<0000000003F4F4B8>                         Routine failure.              Fail
-------------------------------------------------------------------------------
AUDIO_CONTROLLER    make @2                                             
<0000000003F4F4B8>                         Routine failure.              Fail
-------------------------------------------------------------------------------
ENGIN_DE_SON        make @1                                             
<0000000003F4F498>                         Routine failure.              Fail
-------------------------------------------------------------------------------
ECRAN_JEU           make @2                                             
<0000000003F4F358>  (From ENGIN_DE_JEU)    Routine failure.              Fail
-------------------------------------------------------------------------------
ECRAN_TITRE         run_ecran_titre @11                                 
<0000000003F4A5E8>                         Routine failure.              Fail
-------------------------------------------------------------------------------
APPLICATION         make @2                                             
<0000000003F4A5A8>                         Routine failure.              Fail
-------------------------------------------------------------------------------
APPLICATION         root's creation                                     
<0000000003F4A5A8>                         Routine failure.              Exit
-------------------------------------------------------------------------------

projetfinal_jeude8: system execution failed.
Following is the set of recorded exceptions:

******************************** Thread exception *****************************
In thread           Root thread            0x0 (thread id)
*******************************************************************************
-------------------------------------------------------------------------------
Class / Object      Routine                Nature of exception           Effect
-------------------------------------------------------------------------------
AUDIO_CONTROLLER    _invariant             is_sound_open_context_valid: 
<0000000003FA7458>                         Class invariant violated.     Fail
-------------------------------------------------------------------------------
AUDIO_CONTROLLER    _invariant                                          
<0000000003FA7458>                         Routine failure.              Fail
-------------------------------------------------------------------------------
AUDIO_CONTROLLER    make @2                                             
<0000000003FA7458>                         Routine failure.              Fail
-------------------------------------------------------------------------------
ENGIN_DE_SON        make @1                                             
<0000000003FA7438>                         Routine failure.              Fail
-------------------------------------------------------------------------------
ECRAN_JEU           make @2                                             
<0000000003FA72F8>  (From ENGIN_DE_JEU)    Routine failure.              Fail
-------------------------------------------------------------------------------
ECRAN_TITRE         run_ecran_titre @11                                 
<0000000003FA25E8>                         Routine failure.              Fail
-------------------------------------------------------------------------------
APPLICATION         make @2                                             
<0000000003FA25A8>                         Routine failure.              Fail
-------------------------------------------------------------------------------
APPLICATION         root's creation                                     
<0000000003FA25A8>                         Routine failure.              Exit
-------------------------------------------------------------------------------


projetfinal_jeude8: PANIC: caught signal #21 (Ctrl-Break) -- Giving up...

projetfinal_jeude8: system execution failed.
Following is the set of recorded exceptions:

******************************** Thread exception *****************************
In thread           Root thread            0x0 (thread id)
*******************************************************************************
-------------------------------------------------------------------------------
Class / Object      Routine                Nature of exception           Effect
-------------------------------------------------------------------------------
AUDIO_CONTROLLER    _invariant             is_sound_open_context_valid: 
<00000000042424B8>                         Class invariant violated.     Fail
-------------------------------------------------------------------------------
AUDIO_CONTROLLER    _invariant                                          
<00000000042424B8>                         Routine failure.              Fail
-------------------------------------------------------------------------------
AUDIO_CONTROLLER    make @2                                             
<00000000042424B8>                         Routine failure.              Fail
-------------------------------------------------------------------------------
ENGIN_DE_SON        make @1                                             
<0000000004242498>                         Routine failure.              Fail
-------------------------------------------------------------------------------
ECRAN_JEU           make @2                                             
<0000000004242358>  (From ENGIN_DE_JEU)    Routine failure.              Fail
-------------------------------------------------------------------------------
ECRAN_TITRE         run_ecran_titre @11                                 
<000000000423D5E8>                         Routine failure.              Fail
-------------------------------------------------------------------------------
APPLICATION         make @2                                             
<000000000423D5A8>                         Routine failure.              Fail
-------------------------------------------------------------------------------
APPLICATION         root's creation                                     
<000000000423D5A8>                         Routine failure.              Exit
-------------------------------------------------------------------------------

projetfinal_jeude8: system execution failed.
Following is the set of recorded exceptions:

******************************** Thread exception *****************************
In thread           Root thread            0x0 (thread id)
*******************************************************************************
-------------------------------------------------------------------------------
Class / Object      Routine                Nature of exception           Effect
-------------------------------------------------------------------------------
ECRAN_TITRE         on_key_down @2         after:                       
<000000000407B0B8>                         Feature call on void target.  Fail
-------------------------------------------------------------------------------
ECRAN_TITRE         on_key_down @2                                      
<000000000407B0B8>                         Routine failure.              Fail
-------------------------------------------------------------------------------
PROCEDURE           fast_call                                           
<000000000407B638>                         Routine failure.              Fail
-------------------------------------------------------------------------------
PROCEDURE           call @5                                             
<000000000407B638>                         Routine failure.              Fail
-------------------------------------------------------------------------------
ACTION_SEQUENCE     call @22                                            
<0000000004079CC8>                         Routine failure.              Fail
-------------------------------------------------------------------------------
GAME_EVENT_CONTROLLER
                    decode_keyboard_event @12
<00000000040796B8>                         Routine failure.              Fail
-------------------------------------------------------------------------------
GAME_EVENT_CONTROLLER
                    decode_event @5        
<00000000040796B8>                         Routine failure.              Fail
-------------------------------------------------------------------------------
GAME_EVENT_CONTROLLER
                    poll_event @4          
<00000000040796B8>                         Routine failure.              Fail
-------------------------------------------------------------------------------
GAME_LIB_CONTROLLER update @1                                           
<0000000004079628>  (From GAME_SDL_CONTROLLER)
                                           Routine failure.              Fail
-------------------------------------------------------------------------------
GAME_LIB_CONTROLLER launch @4                                           
<0000000004079628>  (From GAME_SDL_CONTROLLER)
                                           Routine failure.              Fail
-------------------------------------------------------------------------------
ECRAN_TITRE         run_ecran_titre @7                                  
<000000000407B0B8>                         Routine failure.              Fail
-------------------------------------------------------------------------------
APPLICATION         make @3                                             
<00000000040795A8>                         Routine failure.              Fail
-------------------------------------------------------------------------------
APPLICATION         root's creation                                     
<00000000040795A8>                         Routine failure.              Exit
-------------------------------------------------------------------------------
